[debug] [2018-11-27T17:35:50.007Z] ----------------------------------------------------------------------
[debug] [2018-11-27T17:35:50.010Z] Command:       /usr/local/Cellar/nvm/0.33.11/versions/node/v10.12.0/bin/node /usr/local/Cellar/nvm/0.33.11/versions/node/v10.12.0/bin/firebase serve
[debug] [2018-11-27T17:35:50.010Z] CLI Version:   5.0.1
[debug] [2018-11-27T17:35:50.010Z] Platform:      darwin
[debug] [2018-11-27T17:35:50.010Z] Node Version:  v10.12.0
[debug] [2018-11-27T17:35:50.024Z] Time:          Tue Nov 27 2018 18:35:50 GMT+0100 (Central European Standard Time)
[debug] [2018-11-27T17:35:50.024Z] ----------------------------------------------------------------------
[debug] 
[debug] [2018-11-27T17:35:50.091Z] > command requires scopes: ["email","openid","https://www.googleapis.com/auth/cloudplatformprojects.readonly","https://www.googleapis.com/auth/firebase","https://www.googleapis.com/auth/cloud-platform"]
[debug] [2018-11-27T17:35:50.092Z] > authorizing via signed-in user
[debug] [2018-11-27T17:35:50.092Z] [iam] checking project portfolio-danielleduijst for permissions ["firebase.projects.get"]
[debug] [2018-11-27T17:35:50.095Z] > refreshing access token with scopes: ["email","https://www.googleapis.com/auth/cloud-platform","https://www.googleapis.com/auth/cloudplatformprojects.readonly","https://www.googleapis.com/auth/firebase","openid"]
[debug] [2018-11-27T17:35:50.095Z] >>> HTTP REQUEST POST https://www.googleapis.com/oauth2/v3/token  
 <request body omitted>
[debug] [2018-11-27T17:35:50.314Z] <<< HTTP RESPONSE 200
[debug] [2018-11-27T17:35:50.378Z] >>> HTTP REQUEST POST https://cloudresourcemanager.googleapis.com/v1/projects/portfolio-danielleduijst:testIamPermissions  

[debug] [2018-11-27T17:35:51.442Z] <<< HTTP RESPONSE 200
[debug] [2018-11-27T17:35:51.445Z] >>> HTTP REQUEST GET https://cloudresourcemanager.googleapis.com/v1/projects/portfolio-danielleduijst  
 
[debug] [2018-11-27T17:35:52.260Z] <<< HTTP RESPONSE 200
[info] 
[info] === Serving from '/Users/Danielle/Documents/Programmeren/portfolio'...
[info] 
[debug] [2018-11-27T17:35:52.263Z] >>> HTTP REQUEST GET https://mobilesdk-pa.googleapis.com/v1/projects/751494969508/clients/_:getWebAppConfig  
 
[debug] [2018-11-27T17:35:52.772Z] <<< HTTP RESPONSE 200
[info] i  hosting: Serving hosting files from: portfolio
[info] ✔  hosting: Local server: http://localhost:5000
